<?xml version="1.0" encoding="UTF-8"?>
<!-- Generated by org.testng.reporters.JUnitReportReporter -->
<testsuite hostname="01HW510223" name="avnfunctionaltest.Functionaltest" tests="5" failures="0" timestamp="28 Mar 2017 12:57:01 GMT" time="21.674" errors="0">
  <testcase name="pageredirection" time="1.336" classname="avnfunctionaltest.Functionaltest"/>
  <testcase name="createrepairticket" time="1.481" classname="avnfunctionaltest.Functionaltest"/>
  <testcase name="logouttest" time="2.795" classname="avnfunctionaltest.Functionaltest"/>
  <testcase name="viewrepairticket" time="4.836" classname="avnfunctionaltest.Functionaltest"/>
  <testcase name="logintest" time="11.226" classname="avnfunctionaltest.Functionaltest"/>
</testsuite> <!-- avnfunctionaltest.Functionaltest -->
